mode: atomic
github.com/gin-contrib/graceful/graceful.go:26.49,28.2 1 13
github.com/gin-contrib/graceful/graceful.go:31.65,36.25 2 13
github.com/gin-contrib/graceful/graceful.go:36.25,37.36 1 8
github.com/gin-contrib/graceful/graceful.go:37.36,40.4 2 0
github.com/gin-contrib/graceful/graceful.go:43.2,43.15 1 13
github.com/gin-contrib/graceful/graceful.go:47.46,48.25 1 8
github.com/gin-contrib/graceful/graceful.go:48.25,49.46 1 1
github.com/gin-contrib/graceful/graceful.go:49.46,51.4 1 0
github.com/gin-contrib/graceful/graceful.go:54.2,54.47 1 8
github.com/gin-contrib/graceful/graceful.go:58.65,59.66 1 1
github.com/gin-contrib/graceful/graceful.go:59.66,61.3 1 0
github.com/gin-contrib/graceful/graceful.go:63.2,63.47 1 1
github.com/gin-contrib/graceful/graceful.go:68.47,69.48 1 1
github.com/gin-contrib/graceful/graceful.go:69.48,71.3 1 0
github.com/gin-contrib/graceful/graceful.go:73.2,73.47 1 1
github.com/gin-contrib/graceful/graceful.go:78.44,79.44 1 1
github.com/gin-contrib/graceful/graceful.go:79.44,81.3 1 0
github.com/gin-contrib/graceful/graceful.go:83.2,83.47 1 1
github.com/gin-contrib/graceful/graceful.go:88.61,89.56 1 1
github.com/gin-contrib/graceful/graceful.go:89.56,91.3 1 0
github.com/gin-contrib/graceful/graceful.go:93.2,93.47 1 1
github.com/gin-contrib/graceful/graceful.go:99.62,103.12 3 13
github.com/gin-contrib/graceful/graceful.go:103.12,106.3 2 13
github.com/gin-contrib/graceful/graceful.go:107.2,111.25 3 13
github.com/gin-contrib/graceful/graceful.go:111.25,112.52 1 2
github.com/gin-contrib/graceful/graceful.go:112.52,114.4 1 0
github.com/gin-contrib/graceful/graceful.go:117.2,117.39 1 13
github.com/gin-contrib/graceful/graceful.go:117.39,119.31 2 15
github.com/gin-contrib/graceful/graceful.go:119.31,121.63 2 15
github.com/gin-contrib/graceful/graceful.go:121.63,124.5 2 0
github.com/gin-contrib/graceful/graceful.go:127.2,130.18 3 13
github.com/gin-contrib/graceful/graceful.go:134.56,140.32 4 39
github.com/gin-contrib/graceful/graceful.go:140.32,141.39 1 31
github.com/gin-contrib/graceful/graceful.go:141.39,143.4 1 0
github.com/gin-contrib/graceful/graceful.go:145.2,145.12 1 39
github.com/gin-contrib/graceful/graceful.go:149.28,155.30 4 13
github.com/gin-contrib/graceful/graceful.go:155.30,157.3 1 15
github.com/gin-contrib/graceful/graceful.go:159.2,161.17 3 13
github.com/gin-contrib/graceful/graceful.go:164.42,166.16 2 15
github.com/gin-contrib/graceful/graceful.go:166.16,168.3 1 0
github.com/gin-contrib/graceful/graceful.go:169.2,171.12 3 15
github.com/gin-contrib/graceful/graceful.go:174.19,174.20 0 11
github.com/gin-contrib/graceful/options.go:19.73,21.2 1 15
github.com/gin-contrib/graceful/options.go:24.35,25.71 1 5
github.com/gin-contrib/graceful/options.go:25.71,29.23 3 5
github.com/gin-contrib/graceful/options.go:29.23,31.4 1 5
github.com/gin-contrib/graceful/options.go:36.67,37.71 1 3
github.com/gin-contrib/graceful/options.go:37.71,41.23 3 3
github.com/gin-contrib/graceful/options.go:41.23,43.4 1 3
github.com/gin-contrib/graceful/options.go:48.35,49.71 1 2
github.com/gin-contrib/graceful/options.go:49.71,51.17 2 2
github.com/gin-contrib/graceful/options.go:51.17,53.4 1 0
github.com/gin-contrib/graceful/options.go:55.3,55.37 1 2
github.com/gin-contrib/graceful/options.go:55.37,58.4 2 2
github.com/gin-contrib/graceful/options.go:63.32,64.71 1 2
github.com/gin-contrib/graceful/options.go:64.71,67.17 3 2
github.com/gin-contrib/graceful/options.go:67.17,69.4 1 0
github.com/gin-contrib/graceful/options.go:71.3,71.37 1 2
github.com/gin-contrib/graceful/options.go:71.37,74.4 2 2
github.com/gin-contrib/graceful/options.go:79.42,80.71 1 3
github.com/gin-contrib/graceful/options.go:80.71,82.3 1 3
github.com/gin-contrib/graceful/options.go:85.90,89.22 3 7
github.com/gin-contrib/graceful/options.go:89.22,91.4 1 7
github.com/gin-contrib/graceful/options.go:91.13,93.4 1 7
